<?xml version="1.0" encoding="utf-8"?><testsuites name="pytest tests"><testsuite name="pytest" errors="0" failures="0" skipped="3" tests="107" time="2.905" timestamp="2026-09-20T03:11:30.094239+00:00" hostname="localhost"><testcase classname="" name="tests.test_real_dask" time="0.000"><skipped message="collection skipped">('/mnt/data/resource-pressure-0.1.1/tests/test_real_dask.py', 4, "Skipped: could not import 'distributed': No module named 'distributed'")</skipped></testcase><testcase classname="" name="tests.test_real_processkit" time="0.000"><skipped message="collection skipped">('/mnt/data/resource-pressure-0.1.1/tests/test_real_processkit.py', 5, "Skipped: could not import 'processkit': No module named 'processkit'")</skipped></testcase><testcase classname="tests.test_backends" name="test_invalid_psi_policy[kwargs0]" time="0.018" /><testcase classname="tests.test_backends" name="test_invalid_psi_policy[kwargs1]" time="0.000" /><testcase classname="tests.test_backends" name="test_invalid_psi_policy[kwargs2]" time="0.000" /><testcase classname="tests.test_backends" name="test_invalid_psi_policy[kwargs3]" time="0.000" /><testcase classname="tests.test_backends" name="test_invalid_psi_policy[kwargs4]" time="0.000" /><testcase classname="tests.test_backends" name="test_invalid_psi_policy[kwargs5]" time="0.000" /><testcase classname="tests.test_backends" name="test_invalid_psi_policy[kwargs6]" time="0.000" /><testcase classname="tests.test_backends" name="test_invalid_psi_policy[kwargs7]" time="0.000" /><testcase classname="tests.test_backends" name="test_invalid_psi_policy[kwargs8]" time="0.000" /><testcase classname="tests.test_backends" name="test_invalid_psi_policy[kwargs9]" time="0.000" /><testcase classname="tests.test_backends" name="test_psi_policy_recovery_and_latched_critical" time="0.000" /><testcase classname="tests.test_backends" name="test_psi_repeated_event_extends_quiet_period" time="0.000" /><testcase classname="tests.test_backends" name="test_invalid_psi_paths[paths0]" time="0.000" /><testcase classname="tests.test_backends" name="test_invalid_psi_paths[memory.pressure]" time="0.000" /><testcase classname="tests.test_backends" name="test_psi_deduplicates_scopes" time="0.000" /><testcase classname="tests.test_backends" name="test_linux_real_control_flow_with_fake_kernel" time="0.000" /><testcase classname="tests.test_backends" name="test_linux_partial_initialization_closes_fd" time="0.000" /><testcase classname="tests.test_backends" name="test_linux_missing_source_is_not_normal" time="0.002" /><testcase classname="tests.test_backends" name="test_windows_state_semantics[True-False-0-1]" time="0.000" /><testcase classname="tests.test_backends" name="test_windows_state_semantics[False-True-1-0]" time="0.000" /><testcase classname="tests.test_backends" name="test_windows_state_semantics[True-True-0-1]" time="0.000" /><testcase classname="tests.test_backends" name="test_windows_state_semantics[False-False-1-1]" time="0.000" /><testcase classname="tests.test_backends" name="test_windows_state_semantics[False-False-0-0]" time="0.000" /><testcase classname="tests.test_backends" name="test_windows_state_semantics[False-False--1-1]" time="0.000" /><testcase classname="tests.test_backends" name="test_windows_waits_only_on_opposite_condition" time="0.000" /><testcase classname="tests.test_backends" name="test_windows_partial_handle_cleanup" time="0.000" /><testcase classname="tests.test_backends" name="test_macos_flags[0--1]" time="0.000" /><testcase classname="tests.test_backends" name="test_macos_flags[1-0]" time="0.000" /><testcase classname="tests.test_backends" name="test_macos_flags[2-1]" time="0.000" /><testcase classname="tests.test_backends" name="test_macos_flags[4-2]" time="0.000" /><testcase classname="tests.test_backends" name="test_macos_flags[3-1]" time="0.000" /><testcase classname="tests.test_backends" name="test_macos_flags[7-2]" time="0.000" /><testcase classname="tests.test_backends" name="test_macos_unknown_flags_fail" time="0.000" /><testcase classname="tests.test_backends" name="test_macos_backend_queue_and_cleanup" time="0.000" /><testcase classname="tests.test_backends" name="test_auto_unsupported_is_explicit" time="0.000" /><testcase classname="tests.test_backends" name="test_linux_arguments_not_silently_ignored" time="0.000" /><testcase classname="tests.test_cli" name="test_doctor_reports_actual_backend" time="0.051" /><testcase classname="tests.test_cli" name="test_doctor_reports_failure" time="0.001" /><testcase classname="tests.test_containment" name="test_unified_sync_runner" time="0.051" /><testcase classname="tests.test_containment" name="test_process_execution_is_pressure_gated" time="0.051" /><testcase classname="tests.test_containment" name="test_rejects_silent_fallback" time="0.051" /><testcase classname="tests.test_containment" name="test_explicit_posix_fallback_without_limits" time="0.051" /><testcase classname="tests.test_containment" name="test_no_false_limit_guarantee_on_posix" time="0.051" /><testcase classname="tests.test_containment" name="test_unknown_mechanism_never_accepted" time="0.051" /><testcase classname="tests.test_containment" name="test_missing_optional_dependency" time="0.051" /><testcase classname="tests.test_containment" name="test_invalid_limits[kwargs0]" time="0.051" /><testcase classname="tests.test_containment" name="test_invalid_limits[kwargs1]" time="0.051" /><testcase classname="tests.test_containment" name="test_invalid_limits[kwargs2]" time="0.051" /><testcase classname="tests.test_containment" name="test_no_shell_string_args" time="0.050" /><testcase classname="tests.test_containment" name="test_native_run_exception_releases_lease" time="0.051" /><testcase classname="tests.test_containment" name="test_async_contained_execution" time="0.052" /><testcase classname="tests.test_dask_adapter" name="test_submit_holds_until_completion" time="0.051" /><testcase classname="tests.test_dask_adapter" name="test_cancelled_future_releases_logical_lease" time="0.051" /><testcase classname="tests.test_dask_adapter" name="test_submit_error_releases" time="0.051" /><testcase classname="tests.test_dask_adapter" name="test_asubmit_cancellation_no_submission" time="0.052" /><testcase classname="tests.test_dask_adapter" name="test_map_results_released_and_bounded" time="0.051" /><testcase classname="tests.test_dask_adapter" name="test_map_drains_and_ends_during_pressure" time="0.053" /><testcase classname="tests.test_dask_adapter" name="test_empty_map_does_not_wait_for_normal" time="0.051" /><testcase classname="tests.test_dask_adapter" name="test_generator_close_cleans_pending" time="0.051" /><testcase classname="tests.test_dask_adapter" name="test_work_failure_cleans_all" time="0.051" /><testcase classname="tests.test_dask_adapter" name="test_iterable_failure_cleans_all" time="0.051" /><testcase classname="tests.test_dask_adapter" name="test_async_client_rejected_for_sync_map" time="0.051" /><testcase classname="tests.test_dask_adapter" name="test_try_submit_returns_none_without_blocking_under_pressure" time="0.051" /><testcase classname="tests.test_dask_adapter" name="test_try_submit_managed_holds_capacity_until_explicit_release" time="0.051" /><testcase classname="tests.test_dask_adapter" name="test_try_submit_raw_future_releases_on_completion" time="0.051" /><testcase classname="tests.test_dask_adapter" name="test_managed_submit_preserves_dask_kwargs" time="0.051" /><testcase classname="tests.test_governor" name="test_invalid_limits[0]" time="0.000" /><testcase classname="tests.test_governor" name="test_invalid_limits[-1]" time="0.000" /><testcase classname="tests.test_governor" name="test_invalid_limits[True]" time="0.000" /><testcase classname="tests.test_governor" name="test_invalid_limits[1.5]" time="0.000" /><testcase classname="tests.test_governor" name="test_invalid_limits[2]" time="0.000" /><testcase classname="tests.test_governor" name="test_default_limit_positive" time="0.000" /><testcase classname="tests.test_governor" name="test_requires_start" time="0.000" /><testcase classname="tests.test_governor" name="test_capacity_and_idempotent_release" time="0.050" /><testcase classname="tests.test_governor" name="test_pressure_blocks_but_does_not_revoke[-1]" time="0.063" /><testcase classname="tests.test_governor" name="test_pressure_blocks_but_does_not_revoke[1]" time="0.063" /><testcase classname="tests.test_governor" name="test_pressure_blocks_but_does_not_revoke[2]" time="0.063" /><testcase classname="tests.test_governor" name="test_wait_until_safe_is_not_a_lease" time="0.051" /><testcase classname="tests.test_governor" name="test_invalid_timeout[-1]" time="0.051" /><testcase classname="tests.test_governor" name="test_invalid_timeout[inf]" time="0.051" /><testcase classname="tests.test_governor" name="test_invalid_timeout[nan]" time="0.051" /><testcase classname="tests.test_governor" name="test_invalid_timeout[True]" time="0.051" /><testcase classname="tests.test_governor" name="test_slot_exception_releases" time="0.051" /><testcase classname="tests.test_governor" name="test_slot_is_single_use" time="0.051" /><testcase classname="tests.test_governor" name="test_close_wakes_blocked_thread" time="0.051" /><testcase classname="tests.test_governor" name="test_sensor_failure_wakes_and_fails_closed" time="0.003" /><testcase classname="tests.test_governor" name="test_unavailable_initialization" time="0.001" /><testcase classname="tests.test_governor" name="test_unexpected_exit_is_failure" time="0.001" /><testcase classname="tests.test_governor" name="test_subscriber_isolation_and_unsubscribe" time="0.053" /><testcase classname="tests.test_governor" name="test_fork_guard" time="0.051" /><testcase classname="tests.test_governor" name="test_thread_concurrency_bound" time="0.101" /><testcase classname="tests.test_governor" name="test_async_cancellation_and_recovery" time="0.062" /><testcase classname="tests.test_governor" name="test_async_timeout_no_leak" time="0.052" /><testcase classname="tests.test_governor" name="test_async_close_wakes" time="0.052" /><testcase classname="tests.test_governor" name="test_async_running_cancel_releases" time="0.052" /><testcase classname="tests.test_governor" name="test_many_async_waiters_stay_bounded" time="0.052" /><testcase classname="tests.test_governor" name="test_invalid_admission_interval[-1]" time="0.000" /><testcase classname="tests.test_governor" name="test_invalid_admission_interval[inf]" time="0.000" /><testcase classname="tests.test_governor" name="test_invalid_admission_interval[nan]" time="0.000" /><testcase classname="tests.test_governor" name="test_invalid_admission_interval[True]" time="0.000" /><testcase classname="tests.test_governor" name="test_invalid_admission_interval[0.1]" time="0.000" /><testcase classname="tests.test_governor" name="test_admission_pacing_limits_immediate_burst" time="0.101" /><testcase classname="tests.test_governor" name="test_blocking_acquire_wakes_when_pacing_interval_expires" time="0.051" /><testcase classname="tests.test_governor" name="test_async_acquire_wakes_when_pacing_interval_expires" time="0.052" /><testcase classname="tests.test_native" name="test_real_native_monitor_initializes_and_closes" time="0.000"><skipped type="pytest.skip" message="Set RESOURCE_PRESSURE_NATIVE=1 on a supported native host">/mnt/data/resource-pressure-0.1.1/tests/test_native.py:9: Set RESOURCE_PRESSURE_NATIVE=1 on a supported native host</skipped></testcase></testsuite></testsuites>